TN:
SF:/Users/pvmagacho/Documents/Topcoder/Copilot/8-JPMC/repository/src/polyfills.ts
FNF:0
FNH:0
DA:22,1
DA:23,1
DA:24,1
DA:25,1
DA:26,1
DA:27,1
DA:28,1
DA:29,1
DA:30,1
DA:31,1
DA:32,1
DA:33,1
DA:34,1
DA:35,1
DA:46,1
DA:74,1
LF:16
LH:16
BRF:0
BRH:0
end_of_record
TN:
SF:/Users/pvmagacho/Documents/Topcoder/Copilot/8-JPMC/repository/src/test.ts
FNF:0
FNH:0
DA:3,1
DA:4,1
DA:5,1
DA:13,1
DA:18,1
DA:20,1
LF:6
LH:6
BRF:0
BRH:0
end_of_record
TN:
SF:/Users/pvmagacho/Documents/Topcoder/Copilot/8-JPMC/repository/src/app/app-canload.guard.ts
FN:9,(anonymous_0)
FN:10,CanShowPage
FN:15,(anonymous_2)
FN:17,(anonymous_3)
FN:27,(anonymous_4)
FN:34,(anonymous_5)
FNF:6
FNH:6
FNDA:1,(anonymous_0)
FNDA:5,CanShowPage
FNDA:4,(anonymous_2)
FNDA:4,(anonymous_3)
FNDA:2,(anonymous_4)
FNDA:2,(anonymous_5)
DA:1,1
DA:2,1
DA:4,1
DA:6,1
DA:9,1
DA:11,5
DA:12,5
DA:15,4
DA:16,4
DA:18,4
DA:19,2
DA:20,2
DA:22,2
DA:27,1
DA:28,2
DA:29,2
DA:30,2
DA:31,2
DA:34,1
DA:35,2
DA:36,2
DA:37,2
DA:38,2
DA:40,1
LF:24
LH:24
BRDA:18,0,0,2
BRDA:18,0,1,2
BRF:2
BRH:2
end_of_record
TN:
SF:/Users/pvmagacho/Documents/Topcoder/Copilot/8-JPMC/repository/src/app/app.component.ts
FN:8,(anonymous_0)
FN:9,AppComponent
FN:11,(anonymous_2)
FN:13,(anonymous_3)
FNF:4
FNH:4
FNDA:1,(anonymous_0)
FNDA:3,AppComponent
FNDA:2,(anonymous_2)
FNDA:4,(anonymous_3)
DA:1,1
DA:2,1
DA:8,1
DA:9,3
DA:11,1
DA:13,2
DA:14,4
DA:15,3
DA:18,1
DA:21,1
LF:10
LH:10
BRDA:14,0,0,3
BRDA:14,0,1,1
BRF:2
BRH:2
end_of_record
TN:
SF:/Users/pvmagacho/Documents/Topcoder/Copilot/8-JPMC/repository/src/app/pages/add-api/components/add-new-api-form/add-new-api-form.component.ts
FN:13,(anonymous_0)
FN:28,AddNewApiFormComponent
FN:31,(anonymous_2)
FN:42,(anonymous_3)
FN:45,(anonymous_4)
FNF:5
FNH:5
FNDA:1,(anonymous_0)
FNDA:4,AddNewApiFormComponent
FNDA:3,(anonymous_2)
FNDA:8,(anonymous_3)
FNDA:3,(anonymous_4)
DA:1,1
DA:2,1
DA:3,1
DA:13,1
DA:14,1
DA:15,4
DA:20,4
DA:23,4
DA:28,4
DA:29,4
DA:31,1
DA:32,3
DA:37,3
DA:38,3
DA:42,8
DA:45,1
DA:46,3
DA:49,3
DA:51,2
DA:53,1
DA:54,1
DA:55,1
DA:58,1
LF:23
LH:23
BRDA:49,0,0,2
BRDA:49,0,1,1
BRDA:49,1,0,3
BRDA:49,1,1,2
BRF:4
BRH:4
end_of_record
TN:
SF:/Users/pvmagacho/Documents/Topcoder/Copilot/8-JPMC/repository/src/app/pages/add-api/default-page/default-page.component.ts
FN:14,(anonymous_0)
FN:34,DefaultPageComponent
FN:41,(anonymous_2)
FN:45,(anonymous_3)
FN:50,(anonymous_4)
FN:57,(anonymous_5)
FN:62,(anonymous_6)
FN:67,(anonymous_7)
FN:72,(anonymous_8)
FN:86,(anonymous_9)
FN:89,(anonymous_10)
FN:90,(anonymous_11)
FN:91,(anonymous_12)
FNF:13
FNH:13
FNDA:1,(anonymous_0)
FNDA:7,DefaultPageComponent
FNDA:2,(anonymous_2)
FNDA:1,(anonymous_3)
FNDA:1,(anonymous_4)
FNDA:3,(anonymous_5)
FNDA:3,(anonymous_6)
FNDA:1,(anonymous_7)
FNDA:1,(anonymous_8)
FNDA:2,(anonymous_9)
FNDA:1,(anonymous_10)
FNDA:1,(anonymous_11)
FNDA:1,(anonymous_12)
DA:1,1
DA:2,1
DA:3,1
DA:4,1
DA:14,1
DA:16,7
DA:18,7
DA:19,7
DA:28,7
DA:34,7
DA:35,7
DA:36,7
DA:41,1
DA:42,2
DA:45,1
DA:46,1
DA:50,1
DA:51,1
DA:52,1
DA:53,1
DA:57,1
DA:58,3
DA:62,1
DA:63,3
DA:67,1
DA:68,1
DA:72,1
DA:73,1
DA:74,1
DA:79,1
DA:80,1
DA:86,2
DA:87,2
DA:89,1
DA:90,1
DA:91,1
DA:94,1
LF:37
LH:37
BRF:0
BRH:0
end_of_record
TN:
SF:/Users/pvmagacho/Documents/Topcoder/Copilot/8-JPMC/repository/src/app/pages/dashboard/components/dashboard-api-report/dashboard-api-report.component.ts
FN:12,(anonymous_0)
FN:31,DashboardAPIReportComponent
FN:49,(anonymous_2)
FN:55,(anonymous_3)
FN:67,(anonymous_4)
FN:79,(anonymous_5)
FN:86,(anonymous_6)
FN:99,(anonymous_7)
FN:103,(anonymous_8)
FN:107,(anonymous_9)
FN:112,(anonymous_10)
FN:127,(anonymous_11)
FNF:12
FNH:12
FNDA:1,(anonymous_0)
FNDA:18,DashboardAPIReportComponent
FNDA:18,(anonymous_2)
FNDA:2,(anonymous_3)
FNDA:3,(anonymous_4)
FNDA:2,(anonymous_5)
FNDA:3,(anonymous_6)
FNDA:8,(anonymous_7)
FNDA:3,(anonymous_8)
FNDA:5,(anonymous_9)
FNDA:23,(anonymous_10)
FNDA:55,(anonymous_11)
DA:1,1
DA:2,1
DA:12,1
DA:13,1
DA:14,1
DA:15,18
DA:18,18
DA:20,18
DA:21,18
DA:22,18
DA:24,18
DA:25,18
DA:31,18
DA:32,18
DA:33,18
DA:35,18
DA:36,18
DA:37,18
DA:39,18
DA:40,18
DA:41,18
DA:43,18
DA:49,1
DA:50,18
DA:51,18
DA:55,1
DA:56,2
DA:58,1
DA:59,1
DA:61,1
DA:62,1
DA:67,1
DA:68,3
DA:69,2
DA:70,1
DA:72,1
DA:74,2
DA:79,1
DA:80,2
DA:81,1
DA:82,1
DA:86,1
DA:87,3
DA:88,1
DA:89,2
DA:90,1
DA:92,1
DA:93,1
DA:96,3
DA:99,1
DA:100,8
DA:103,1
DA:104,3
DA:107,1
DA:108,5
DA:112,1
DA:113,23
DA:114,22
DA:119,23
DA:120,20
DA:127,1
DA:128,55
DA:129,55
DA:131,24
DA:132,24
DA:134,1
DA:135,1
DA:137,1
DA:138,1
DA:140,1
DA:141,1
DA:143,1
DA:144,1
DA:146,20
DA:147,20
DA:149,1
DA:150,1
DA:152,1
DA:153,1
DA:155,1
DA:156,1
DA:158,1
DA:159,1
DA:161,1
DA:162,1
DA:164,1
DA:165,1
DA:167,55
DA:169,1
LF:89
LH:89
BRDA:57,0,0,1
BRDA:57,0,1,1
BRDA:68,1,0,2
BRDA:68,1,1,1
BRDA:69,2,0,1
BRDA:69,2,1,1
BRDA:80,3,0,1
BRDA:80,3,1,1
BRDA:87,4,0,1
BRDA:87,4,1,2
BRDA:87,5,0,3
BRDA:87,5,1,1
BRDA:89,6,0,1
BRDA:89,6,1,1
BRDA:89,7,0,2
BRDA:89,7,1,2
BRDA:89,7,2,1
BRDA:100,8,0,8
BRDA:100,8,1,7
BRDA:100,8,2,5
BRDA:100,8,3,3
BRDA:100,8,4,1
BRDA:104,9,0,3
BRDA:104,9,1,2
BRDA:108,10,0,5
BRDA:108,10,1,4
BRDA:108,10,2,3
BRDA:108,10,3,2
BRDA:113,11,0,22
BRDA:113,11,1,1
BRDA:119,12,0,20
BRDA:119,12,1,3
BRDA:130,13,0,24
BRDA:130,13,1,1
BRDA:130,13,2,1
BRDA:130,13,3,1
BRDA:130,13,4,1
BRDA:130,13,5,20
BRDA:130,13,6,1
BRDA:130,13,7,1
BRDA:130,13,8,1
BRDA:130,13,9,1
BRDA:130,13,10,1
BRDA:130,13,11,1
BRF:44
BRH:44
end_of_record
TN:
SF:/Users/pvmagacho/Documents/Topcoder/Copilot/8-JPMC/repository/src/app/pages/dashboard/components/dashboard-banner/dashboard-banner.component.ts
FN:11,(anonymous_0)
FN:6,DashboardBannerComponent
FN:17,(anonymous_2)
FNF:3
FNH:3
FNDA:1,(anonymous_0)
FNDA:2,DashboardBannerComponent
FNDA:1,(anonymous_2)
DA:1,1
DA:11,1
DA:12,2
DA:13,2
DA:14,2
DA:17,1
DA:18,1
DA:20,1
LF:8
LH:8
BRF:0
BRH:0
end_of_record
TN:
SF:/Users/pvmagacho/Documents/Topcoder/Copilot/8-JPMC/repository/src/app/pages/dashboard/components/dashboard-recommended-api/dashboard-recommended-api.component.ts
FN:11,(anonymous_0)
FNF:1
FNH:1
FNDA:2,(anonymous_0)
DA:1,1
DA:11,1
DA:12,1
DA:13,1
LF:4
LH:4
BRF:0
BRH:0
end_of_record
TN:
SF:/Users/pvmagacho/Documents/Topcoder/Copilot/8-JPMC/repository/src/app/pages/dashboard/components/dashboard-subscribed-api/dashboard-subscribed-api.component.ts
FN:11,(anonymous_0)
FNF:1
FNH:1
FNDA:2,(anonymous_0)
DA:1,1
DA:11,1
DA:12,1
DA:13,1
LF:4
LH:4
BRF:0
BRH:0
end_of_record
TN:
SF:/Users/pvmagacho/Documents/Topcoder/Copilot/8-JPMC/repository/src/app/pages/dashboard/default-page/default-page.component.ts
FN:13,(anonymous_0)
FN:23,DefaultPageComponent
FN:30,(anonymous_2)
FN:34,(anonymous_3)
FN:39,(anonymous_4)
FN:46,(anonymous_5)
FN:49,(anonymous_6)
FN:50,(anonymous_7)
FN:51,(anonymous_8)
FNF:9
FNH:9
FNDA:1,(anonymous_0)
FNDA:4,DefaultPageComponent
FNDA:2,(anonymous_2)
FNDA:1,(anonymous_3)
FNDA:1,(anonymous_4)
FNDA:2,(anonymous_5)
FNDA:1,(anonymous_6)
FNDA:1,(anonymous_7)
FNDA:1,(anonymous_8)
DA:1,1
DA:2,1
DA:3,1
DA:13,1
DA:15,4
DA:17,4
DA:23,4
DA:24,4
DA:25,4
DA:30,1
DA:31,2
DA:34,1
DA:35,1
DA:39,1
DA:40,1
DA:46,2
DA:47,2
DA:49,1
DA:50,1
DA:51,1
DA:54,1
LF:21
LH:21
BRF:0
BRH:0
end_of_record
TN:
SF:/Users/pvmagacho/Documents/Topcoder/Copilot/8-JPMC/repository/src/app/pages/dashboard/detail-api-page/detail-api-page.component.ts
FN:13,(anonymous_0)
FN:28,DetailAPIPageComponent
FN:35,(anonymous_2)
FN:36,(anonymous_3)
FN:47,(anonymous_4)
FN:55,(anonymous_5)
FN:58,(anonymous_6)
FN:59,(anonymous_7)
FN:60,(anonymous_8)
FN:63,(anonymous_9)
FN:66,(anonymous_10)
FN:67,(anonymous_11)
FNF:12
FNH:12
FNDA:1,(anonymous_0)
FNDA:7,DetailAPIPageComponent
FNDA:2,(anonymous_2)
FNDA:2,(anonymous_3)
FNDA:1,(anonymous_4)
FNDA:4,(anonymous_5)
FNDA:1,(anonymous_6)
FNDA:1,(anonymous_7)
FNDA:1,(anonymous_8)
FNDA:4,(anonymous_9)
FNDA:1,(anonymous_10)
FNDA:1,(anonymous_11)
DA:1,1
DA:2,1
DA:3,1
DA:13,1
DA:15,7
DA:16,7
DA:17,7
DA:19,7
DA:21,7
DA:28,7
DA:29,7
DA:30,7
DA:35,2
DA:36,2
DA:37,2
DA:38,1
DA:42,2
DA:44,2
DA:47,1
DA:48,1
DA:49,1
DA:55,4
DA:56,4
DA:58,1
DA:59,1
DA:60,1
DA:63,4
DA:64,4
DA:66,1
DA:67,1
DA:70,1
LF:31
LH:31
BRDA:37,0,0,1
BRDA:37,0,1,1
BRF:2
BRH:2
end_of_record
TN:
SF:/Users/pvmagacho/Documents/Topcoder/Copilot/8-JPMC/repository/src/app/pages/dashboard/more-api-page/more-api-page.component.ts
FN:13,(anonymous_0)
FN:27,MoreAPIPageComponent
FN:34,(anonymous_2)
FN:38,(anonymous_3)
FN:43,(anonymous_4)
FN:47,(anonymous_5)
FN:54,(anonymous_6)
FN:57,(anonymous_7)
FN:58,(anonymous_8)
FN:59,(anonymous_9)
FNF:10
FNH:10
FNDA:1,(anonymous_0)
FNDA:5,MoreAPIPageComponent
FNDA:2,(anonymous_2)
FNDA:1,(anonymous_3)
FNDA:2,(anonymous_4)
FNDA:1,(anonymous_5)
FNDA:2,(anonymous_6)
FNDA:1,(anonymous_7)
FNDA:1,(anonymous_8)
FNDA:1,(anonymous_9)
DA:1,1
DA:2,1
DA:3,1
DA:13,1
DA:15,5
DA:17,5
DA:18,5
DA:19,5
DA:21,5
DA:27,5
DA:28,5
DA:29,5
DA:34,1
DA:35,2
DA:38,1
DA:39,1
DA:43,2
DA:44,2
DA:45,1
DA:46,1
DA:47,1
DA:54,2
DA:55,2
DA:57,1
DA:58,1
DA:59,1
DA:62,1
LF:27
LH:27
BRDA:44,0,0,1
BRDA:44,0,1,1
BRDA:44,1,0,2
BRDA:44,1,1,1
BRF:4
BRH:4
end_of_record
TN:
SF:/Users/pvmagacho/Documents/Topcoder/Copilot/8-JPMC/repository/src/app/pages/dashboard/report-api-page/report-api-page.component.ts
FN:13,(anonymous_0)
FN:26,ReportAPIPageComponent
FN:33,(anonymous_2)
FN:34,(anonymous_3)
FN:45,(anonymous_4)
FN:52,(anonymous_5)
FN:55,(anonymous_6)
FN:56,(anonymous_7)
FN:57,(anonymous_8)
FN:61,(anonymous_9)
FN:64,(anonymous_10)
FN:65,(anonymous_11)
FN:66,(anonymous_12)
FNF:13
FNH:13
FNDA:1,(anonymous_0)
FNDA:7,ReportAPIPageComponent
FNDA:6,(anonymous_2)
FNDA:2,(anonymous_3)
FNDA:4,(anonymous_4)
FNDA:6,(anonymous_5)
FNDA:2,(anonymous_6)
FNDA:2,(anonymous_7)
FNDA:2,(anonymous_8)
FNDA:6,(anonymous_9)
FNDA:2,(anonymous_10)
FNDA:2,(anonymous_11)
FNDA:2,(anonymous_12)
DA:1,1
DA:2,1
DA:3,1
DA:13,1
DA:15,7
DA:16,7
DA:17,7
DA:19,7
DA:26,7
DA:27,7
DA:28,7
DA:33,6
DA:34,6
DA:35,2
DA:36,1
DA:40,6
DA:42,6
DA:45,1
DA:46,4
DA:52,6
DA:53,6
DA:55,2
DA:56,2
DA:57,2
DA:61,6
DA:62,6
DA:64,2
DA:65,2
DA:66,2
DA:69,1
LF:30
LH:30
BRDA:35,0,0,1
BRDA:35,0,1,1
BRF:2
BRH:2
end_of_record
TN:
SF:/Users/pvmagacho/Documents/Topcoder/Copilot/8-JPMC/repository/src/app/pages/forgot-password/components/forgot-password-form/forgot-password-form.component.ts
FN:13,(anonymous_0)
FN:20,ForgotPasswordFormComponent
FN:23,(anonymous_2)
FN:30,(anonymous_3)
FN:33,(anonymous_4)
FNF:5
FNH:5
FNDA:1,(anonymous_0)
FNDA:3,ForgotPasswordFormComponent
FNDA:3,(anonymous_2)
FNDA:1,(anonymous_3)
FNDA:2,(anonymous_4)
DA:1,1
DA:2,1
DA:3,1
DA:13,1
DA:15,3
DA:20,3
DA:21,3
DA:23,1
DA:24,3
DA:30,1
DA:33,1
DA:34,2
DA:37,2
DA:38,1
DA:40,1
DA:43,1
LF:16
LH:16
BRDA:37,0,0,1
BRDA:37,0,1,1
BRF:2
BRH:2
end_of_record
TN:
SF:/Users/pvmagacho/Documents/Topcoder/Copilot/8-JPMC/repository/src/app/pages/forgot-password/default-page/default-page.component.ts
FN:11,(anonymous_0)
FNF:1
FNH:1
FNDA:2,(anonymous_0)
DA:1,1
DA:11,1
DA:12,1
LF:3
LH:3
BRF:0
BRH:0
end_of_record
TN:
SF:/Users/pvmagacho/Documents/Topcoder/Copilot/8-JPMC/repository/src/app/pages/index/default-page/default-page.component.ts
FN:10,(anonymous_0)
FNF:1
FNH:1
FNDA:2,(anonymous_0)
DA:1,1
DA:10,1
DA:11,1
LF:3
LH:3
BRF:0
BRH:0
end_of_record
TN:
SF:/Users/pvmagacho/Documents/Topcoder/Copilot/8-JPMC/repository/src/app/pages/landing/components/build-for-developers/build-for-developers.component.ts
FN:11,(anonymous_0)
FN:6,BuildForDevelopersComponent
FNF:2
FNH:2
FNDA:1,(anonymous_0)
FNDA:1,BuildForDevelopersComponent
DA:1,1
DA:11,1
DA:12,1
DA:14,1
DA:15,1
LF:5
LH:5
BRF:0
BRH:0
end_of_record
TN:
SF:/Users/pvmagacho/Documents/Topcoder/Copilot/8-JPMC/repository/src/app/pages/landing/components/contact-us/contact-us.component.ts
FN:12,(anonymous_0)
FN:26,ContactUsComponent
FN:28,(anonymous_2)
FN:38,(anonymous_3)
FN:41,(anonymous_4)
FNF:5
FNH:5
FNDA:1,(anonymous_0)
FNDA:4,ContactUsComponent
FNDA:4,(anonymous_2)
FNDA:12,(anonymous_3)
FNDA:2,(anonymous_4)
DA:1,1
DA:2,1
DA:12,1
DA:13,4
DA:21,4
DA:26,4
DA:28,1
DA:29,4
DA:38,12
DA:41,1
DA:42,2
DA:45,2
DA:46,1
DA:50,1
LF:14
LH:14
BRDA:45,0,0,1
BRDA:45,0,1,1
BRF:2
BRH:2
end_of_record
TN:
SF:/Users/pvmagacho/Documents/Topcoder/Copilot/8-JPMC/repository/src/app/pages/landing/components/documentations/documentations.component.ts
FN:11,(anonymous_0)
FN:6,DocumentationsComponent
FNF:2
FNH:2
FNDA:1,(anonymous_0)
FNDA:1,DocumentationsComponent
DA:1,1
DA:11,1
DA:12,1
DA:14,1
DA:15,1
DA:26,1
LF:6
LH:6
BRF:0
BRH:0
end_of_record
TN:
SF:/Users/pvmagacho/Documents/Topcoder/Copilot/8-JPMC/repository/src/app/pages/landing/components/explore-our-api-offering/explore-our-api-offering.component.ts
FN:11,(anonymous_0)
FN:6,ExploreOurAPIOfferingComponent
FNF:2
FNH:2
FNDA:1,(anonymous_0)
FNDA:1,ExploreOurAPIOfferingComponent
DA:1,1
DA:11,1
DA:12,1
DA:13,1
LF:4
LH:4
BRF:0
BRH:0
end_of_record
TN:
SF:/Users/pvmagacho/Documents/Topcoder/Copilot/8-JPMC/repository/src/app/pages/landing/components/faqs/faqs.component.ts
FN:11,(anonymous_0)
FNF:1
FNH:1
FNDA:2,(anonymous_0)
DA:1,1
DA:11,1
DA:12,1
LF:3
LH:3
BRF:0
BRH:0
end_of_record
TN:
SF:/Users/pvmagacho/Documents/Topcoder/Copilot/8-JPMC/repository/src/app/pages/landing/components/landing-banner/landing-banner.component.ts
FN:11,(anonymous_0)
FN:6,LandingBannerComponent
FNF:2
FNH:2
FNDA:1,(anonymous_0)
FNDA:1,LandingBannerComponent
DA:1,1
DA:11,1
DA:12,1
DA:13,1
LF:4
LH:4
BRF:0
BRH:0
end_of_record
TN:
SF:/Users/pvmagacho/Documents/Topcoder/Copilot/8-JPMC/repository/src/app/pages/landing/components/news-and-event/news-and-event.component.ts
FN:11,(anonymous_0)
FNF:1
FNH:1
FNDA:2,(anonymous_0)
DA:1,1
DA:11,1
DA:12,1
LF:3
LH:3
BRF:0
BRH:0
end_of_record
TN:
SF:/Users/pvmagacho/Documents/Topcoder/Copilot/8-JPMC/repository/src/app/pages/landing/components/trusted-by-the-largest-company/trusted-by-the-largest-company.component.ts
FN:11,(anonymous_0)
FNF:1
FNH:1
FNDA:2,(anonymous_0)
DA:1,1
DA:11,1
DA:12,1
LF:3
LH:3
BRF:0
BRH:0
end_of_record
TN:
SF:/Users/pvmagacho/Documents/Topcoder/Copilot/8-JPMC/repository/src/app/pages/landing/components/videos-help/videos-help.component.ts
FN:11,(anonymous_0)
FNF:1
FNH:1
FNDA:2,(anonymous_0)
DA:1,1
DA:11,1
DA:12,1
LF:3
LH:3
BRF:0
BRH:0
end_of_record
TN:
SF:/Users/pvmagacho/Documents/Topcoder/Copilot/8-JPMC/repository/src/app/pages/landing/default-page/default-page.component.ts
FN:13,(anonymous_0)
FN:23,DefaultPageComponent
FN:30,(anonymous_2)
FN:34,(anonymous_3)
FN:39,(anonymous_4)
FN:46,(anonymous_5)
FN:49,(anonymous_6)
FN:50,(anonymous_7)
FN:51,(anonymous_8)
FNF:9
FNH:9
FNDA:1,(anonymous_0)
FNDA:4,DefaultPageComponent
FNDA:2,(anonymous_2)
FNDA:1,(anonymous_3)
FNDA:1,(anonymous_4)
FNDA:2,(anonymous_5)
FNDA:1,(anonymous_6)
FNDA:1,(anonymous_7)
FNDA:1,(anonymous_8)
DA:1,1
DA:2,1
DA:3,1
DA:13,1
DA:15,4
DA:17,4
DA:23,4
DA:24,4
DA:25,4
DA:30,1
DA:31,2
DA:34,1
DA:35,1
DA:39,1
DA:40,1
DA:46,2
DA:47,2
DA:49,1
DA:50,1
DA:51,1
DA:54,1
LF:21
LH:21
BRF:0
BRH:0
end_of_record
TN:
SF:/Users/pvmagacho/Documents/Topcoder/Copilot/8-JPMC/repository/src/app/pages/landing/detail-api-page/detail-api-page.component.ts
FN:13,(anonymous_0)
FN:28,DetailAPIPageComponent
FN:35,(anonymous_2)
FN:36,(anonymous_3)
FN:47,(anonymous_4)
FN:55,(anonymous_5)
FN:58,(anonymous_6)
FN:59,(anonymous_7)
FN:60,(anonymous_8)
FN:63,(anonymous_9)
FN:66,(anonymous_10)
FN:67,(anonymous_11)
FNF:12
FNH:12
FNDA:1,(anonymous_0)
FNDA:7,DetailAPIPageComponent
FNDA:2,(anonymous_2)
FNDA:2,(anonymous_3)
FNDA:1,(anonymous_4)
FNDA:4,(anonymous_5)
FNDA:1,(anonymous_6)
FNDA:1,(anonymous_7)
FNDA:1,(anonymous_8)
FNDA:4,(anonymous_9)
FNDA:1,(anonymous_10)
FNDA:1,(anonymous_11)
DA:1,1
DA:2,1
DA:3,1
DA:13,1
DA:15,7
DA:16,7
DA:17,7
DA:19,7
DA:21,7
DA:28,7
DA:29,7
DA:30,7
DA:35,2
DA:36,2
DA:37,2
DA:38,1
DA:42,2
DA:44,2
DA:47,1
DA:48,1
DA:49,1
DA:55,4
DA:56,4
DA:58,1
DA:59,1
DA:60,1
DA:63,4
DA:64,4
DA:66,1
DA:67,1
DA:70,1
LF:31
LH:31
BRDA:37,0,0,1
BRDA:37,0,1,1
BRF:2
BRH:2
end_of_record
TN:
SF:/Users/pvmagacho/Documents/Topcoder/Copilot/8-JPMC/repository/src/app/pages/landing/more-api-page/more-api-page.component.ts
FN:13,(anonymous_0)
FN:27,MoreAPIPageComponent
FN:34,(anonymous_2)
FN:38,(anonymous_3)
FN:43,(anonymous_4)
FN:47,(anonymous_5)
FN:54,(anonymous_6)
FN:57,(anonymous_7)
FN:58,(anonymous_8)
FN:59,(anonymous_9)
FNF:10
FNH:10
FNDA:1,(anonymous_0)
FNDA:5,MoreAPIPageComponent
FNDA:2,(anonymous_2)
FNDA:1,(anonymous_3)
FNDA:2,(anonymous_4)
FNDA:1,(anonymous_5)
FNDA:2,(anonymous_6)
FNDA:1,(anonymous_7)
FNDA:1,(anonymous_8)
FNDA:1,(anonymous_9)
DA:1,1
DA:2,1
DA:3,1
DA:13,1
DA:15,5
DA:17,5
DA:18,5
DA:19,5
DA:21,5
DA:27,5
DA:28,5
DA:29,5
DA:34,1
DA:35,2
DA:38,1
DA:39,1
DA:43,2
DA:44,2
DA:45,1
DA:46,1
DA:47,1
DA:54,2
DA:55,2
DA:57,1
DA:58,1
DA:59,1
DA:62,1
LF:27
LH:27
BRDA:44,0,0,1
BRDA:44,0,1,1
BRDA:44,1,0,2
BRDA:44,1,1,1
BRF:4
BRH:4
end_of_record
TN:
SF:/Users/pvmagacho/Documents/Topcoder/Copilot/8-JPMC/repository/src/app/pages/landing/support-page/support-page.component.ts
FN:13,(anonymous_0)
FN:21,SupportPageComponent
FN:28,(anonymous_2)
FNF:3
FNH:3
FNDA:1,(anonymous_0)
FNDA:1,SupportPageComponent
FNDA:1,(anonymous_2)
DA:1,1
DA:2,1
DA:3,1
DA:13,1
DA:15,1
DA:21,1
DA:22,1
DA:23,1
DA:28,1
DA:30,1
LF:10
LH:10
BRF:0
BRH:0
end_of_record
TN:
SF:/Users/pvmagacho/Documents/Topcoder/Copilot/8-JPMC/repository/src/app/pages/login/components/login-form/login-form.component.ts
FN:16,(anonymous_0)
FN:24,LoginFormComponent
FN:29,(anonymous_2)
FN:37,(anonymous_3)
FN:40,(anonymous_4)
FN:47,(anonymous_5)
FN:64,(anonymous_6)
FNF:7
FNH:7
FNDA:1,(anonymous_0)
FNDA:7,LoginFormComponent
FNDA:7,(anonymous_2)
FNDA:22,(anonymous_3)
FNDA:6,(anonymous_4)
FNDA:4,(anonymous_5)
FNDA:1,(anonymous_6)
DA:1,1
DA:2,1
DA:3,1
DA:4,1
DA:6,1
DA:16,1
DA:18,7
DA:19,7
DA:24,7
DA:25,7
DA:26,7
DA:27,7
DA:29,1
DA:30,7
DA:37,22
DA:40,6
DA:41,6
DA:44,6
DA:45,1
DA:47,5
DA:48,4
DA:49,4
DA:50,4
DA:52,4
DA:54,4
DA:55,4
DA:57,1
DA:58,1
DA:61,2
DA:62,2
DA:65,1
DA:66,1
DA:70,1
LF:33
LH:33
BRDA:44,0,0,1
BRDA:44,0,1,5
BRDA:56,1,0,1
BRDA:56,1,1,1
BRDA:56,1,2,2
BRF:5
BRH:5
end_of_record
TN:
SF:/Users/pvmagacho/Documents/Topcoder/Copilot/8-JPMC/repository/src/app/pages/login/default-page/default-page.component.ts
FN:11,(anonymous_0)
FNF:1
FNH:1
FNDA:2,(anonymous_0)
DA:1,1
DA:11,1
DA:12,1
LF:3
LH:3
BRF:0
BRH:0
end_of_record
TN:
SF:/Users/pvmagacho/Documents/Topcoder/Copilot/8-JPMC/repository/src/app/pages/manage-api/analytics-page/analytics-page.component.ts
FN:13,(anonymous_0)
FN:22,AnalyticsPageComponent
FN:29,(anonymous_2)
FN:35,(anonymous_3)
FN:43,(anonymous_4)
FN:46,(anonymous_5)
FN:47,(anonymous_6)
FN:48,(anonymous_7)
FN:52,(anonymous_8)
FN:55,(anonymous_9)
FN:56,(anonymous_10)
FN:57,(anonymous_11)
FNF:12
FNH:12
FNDA:1,(anonymous_0)
FNDA:5,AnalyticsPageComponent
FNDA:4,(anonymous_2)
FNDA:4,(anonymous_3)
FNDA:4,(anonymous_4)
FNDA:2,(anonymous_5)
FNDA:2,(anonymous_6)
FNDA:2,(anonymous_7)
FNDA:4,(anonymous_8)
FNDA:2,(anonymous_9)
FNDA:2,(anonymous_10)
FNDA:2,(anonymous_11)
DA:1,1
DA:2,1
DA:3,1
DA:13,1
DA:15,5
DA:16,5
DA:22,5
DA:23,5
DA:24,5
DA:29,1
DA:30,4
DA:32,4
DA:35,1
DA:36,4
DA:37,4
DA:43,4
DA:44,4
DA:46,2
DA:47,2
DA:48,2
DA:52,4
DA:53,4
DA:55,2
DA:56,2
DA:57,2
DA:60,1
LF:26
LH:26
BRF:0
BRH:0
end_of_record
TN:
SF:/Users/pvmagacho/Documents/Topcoder/Copilot/8-JPMC/repository/src/app/pages/manage-api/components/manage-api-analytics/manage-api-analytics.component.ts
FN:12,(anonymous_0)
FN:27,ManageApiAnalyticsComponent
FN:45,(anonymous_2)
FN:51,(anonymous_3)
FN:63,(anonymous_4)
FN:70,(anonymous_5)
FN:83,(anonymous_6)
FN:87,(anonymous_7)
FN:91,(anonymous_8)
FN:96,(anonymous_9)
FN:111,(anonymous_10)
FNF:11
FNH:11
FNDA:1,(anonymous_0)
FNDA:16,ManageApiAnalyticsComponent
FNDA:16,(anonymous_2)
FNDA:3,(anonymous_3)
FNDA:2,(anonymous_4)
FNDA:3,(anonymous_5)
FNDA:8,(anonymous_6)
FNDA:3,(anonymous_7)
FNDA:5,(anonymous_8)
FNDA:21,(anonymous_9)
FNDA:51,(anonymous_10)
DA:1,1
DA:2,1
DA:12,1
DA:13,1
DA:14,1
DA:17,16
DA:19,16
DA:20,16
DA:21,16
DA:27,16
DA:28,16
DA:29,16
DA:31,16
DA:32,16
DA:33,16
DA:35,16
DA:36,16
DA:37,16
DA:39,16
DA:45,1
DA:46,16
DA:47,16
DA:51,1
DA:52,3
DA:53,2
DA:54,1
DA:56,1
DA:58,2
DA:63,1
DA:64,2
DA:65,1
DA:66,1
DA:70,1
DA:71,3
DA:72,1
DA:73,2
DA:74,1
DA:76,1
DA:77,1
DA:80,3
DA:83,1
DA:84,8
DA:87,1
DA:88,3
DA:91,1
DA:92,5
DA:96,1
DA:97,21
DA:98,20
DA:103,21
DA:104,18
DA:111,1
DA:112,51
DA:113,51
DA:115,22
DA:116,22
DA:118,1
DA:119,1
DA:121,1
DA:122,1
DA:124,1
DA:125,1
DA:127,1
DA:128,1
DA:130,18
DA:131,18
DA:133,1
DA:134,1
DA:136,1
DA:137,1
DA:139,1
DA:140,1
DA:142,1
DA:143,1
DA:145,1
DA:146,1
DA:148,1
DA:149,1
DA:151,51
DA:153,1
LF:80
LH:80
BRDA:52,0,0,2
BRDA:52,0,1,1
BRDA:53,1,0,1
BRDA:53,1,1,1
BRDA:64,2,0,1
BRDA:64,2,1,1
BRDA:71,3,0,1
BRDA:71,3,1,2
BRDA:71,4,0,3
BRDA:71,4,1,1
BRDA:73,5,0,1
BRDA:73,5,1,1
BRDA:73,6,0,2
BRDA:73,6,1,2
BRDA:73,6,2,1
BRDA:84,7,0,8
BRDA:84,7,1,7
BRDA:84,7,2,5
BRDA:84,7,3,3
BRDA:84,7,4,1
BRDA:88,8,0,3
BRDA:88,8,1,2
BRDA:92,9,0,5
BRDA:92,9,1,4
BRDA:92,9,2,3
BRDA:92,9,3,2
BRDA:97,10,0,20
BRDA:97,10,1,1
BRDA:103,11,0,18
BRDA:103,11,1,3
BRDA:114,12,0,22
BRDA:114,12,1,1
BRDA:114,12,2,1
BRDA:114,12,3,1
BRDA:114,12,4,1
BRDA:114,12,5,18
BRDA:114,12,6,1
BRDA:114,12,7,1
BRDA:114,12,8,1
BRDA:114,12,9,1
BRDA:114,12,10,1
BRDA:114,12,11,1
BRF:42
BRH:42
end_of_record
TN:
SF:/Users/pvmagacho/Documents/Topcoder/Copilot/8-JPMC/repository/src/app/pages/manage-api/components/manage-api-banner/manage-api-banner.component.ts
FN:11,(anonymous_0)
FN:6,ManageApiBannerComponent
FN:17,(anonymous_2)
FNF:3
FNH:3
FNDA:1,(anonymous_0)
FNDA:2,ManageApiBannerComponent
FNDA:1,(anonymous_2)
DA:1,1
DA:11,1
DA:12,2
DA:13,2
DA:14,2
DA:17,1
DA:18,1
DA:20,1
LF:8
LH:8
BRF:0
BRH:0
end_of_record
TN:
SF:/Users/pvmagacho/Documents/Topcoder/Copilot/8-JPMC/repository/src/app/pages/manage-api/components/manage-api-support/manage-api-support.component.ts
FN:11,(anonymous_0)
FNF:1
FNH:1
FNDA:2,(anonymous_0)
DA:1,1
DA:11,1
DA:12,1
DA:13,1
LF:4
LH:4
BRF:0
BRH:0
end_of_record
TN:
SF:/Users/pvmagacho/Documents/Topcoder/Copilot/8-JPMC/repository/src/app/pages/manage-api/default-page/default-page.component.ts
FN:14,(anonymous_0)
FN:29,DefaultPageComponent
FN:37,(anonymous_2)
FN:38,(anonymous_3)
FN:53,(anonymous_4)
FN:59,(anonymous_5)
FN:64,(anonymous_6)
FN:74,(anonymous_7)
FN:86,(anonymous_8)
FN:89,(anonymous_9)
FN:90,(anonymous_10)
FN:91,(anonymous_11)
FN:94,(anonymous_12)
FN:97,(anonymous_13)
FN:98,(anonymous_14)
FNF:15
FNH:15
FNDA:1,(anonymous_0)
FNDA:10,DefaultPageComponent
FNDA:2,(anonymous_2)
FNDA:2,(anonymous_3)
FNDA:1,(anonymous_4)
FNDA:1,(anonymous_5)
FNDA:1,(anonymous_6)
FNDA:1,(anonymous_7)
FNDA:4,(anonymous_8)
FNDA:1,(anonymous_9)
FNDA:1,(anonymous_10)
FNDA:1,(anonymous_11)
FNDA:4,(anonymous_12)
FNDA:1,(anonymous_13)
FNDA:1,(anonymous_14)
DA:1,1
DA:2,1
DA:3,1
DA:4,1
DA:14,1
DA:16,10
DA:17,10
DA:19,10
DA:21,10
DA:22,10
DA:29,10
DA:30,10
DA:31,10
DA:32,10
DA:37,2
DA:38,2
DA:39,2
DA:40,1
DA:42,1
DA:43,1
DA:44,1
DA:48,2
DA:50,2
DA:53,1
DA:54,1
DA:55,1
DA:59,1
DA:60,1
DA:64,1
DA:65,1
DA:66,1
DA:67,1
DA:69,1
DA:70,1
DA:74,1
DA:75,1
DA:76,1
DA:77,1
DA:79,1
DA:80,1
DA:86,4
DA:87,4
DA:89,1
DA:90,1
DA:91,1
DA:94,4
DA:95,4
DA:97,1
DA:98,1
DA:101,1
LF:50
LH:50
BRDA:39,0,0,1
BRDA:39,0,1,1
BRF:2
BRH:2
end_of_record
TN:
SF:/Users/pvmagacho/Documents/Topcoder/Copilot/8-JPMC/repository/src/app/pages/manage-api/support-page/support-page.component.ts
FN:13,(anonymous_0)
FN:23,SupportPageComponent
FN:30,(anonymous_2)
FN:34,(anonymous_3)
FN:39,(anonymous_4)
FN:46,(anonymous_5)
FN:49,(anonymous_6)
FN:50,(anonymous_7)
FN:51,(anonymous_8)
FNF:9
FNH:9
FNDA:1,(anonymous_0)
FNDA:4,SupportPageComponent
FNDA:2,(anonymous_2)
FNDA:1,(anonymous_3)
FNDA:1,(anonymous_4)
FNDA:2,(anonymous_5)
FNDA:1,(anonymous_6)
FNDA:1,(anonymous_7)
FNDA:1,(anonymous_8)
DA:1,1
DA:2,1
DA:3,1
DA:13,1
DA:15,4
DA:17,4
DA:23,4
DA:24,4
DA:25,4
DA:30,1
DA:31,2
DA:34,1
DA:35,1
DA:39,1
DA:40,1
DA:46,2
DA:47,2
DA:49,1
DA:50,1
DA:51,1
DA:54,1
LF:21
LH:21
BRF:0
BRH:0
end_of_record
TN:
SF:/Users/pvmagacho/Documents/Topcoder/Copilot/8-JPMC/repository/src/app/pages/profile/components/profile-form/profile-form.component.ts
FN:13,(anonymous_0)
FN:23,ProfileFormComponent
FN:26,(anonymous_2)
FN:41,(anonymous_3)
FN:44,(anonymous_4)
FN:56,(anonymous_5)
FN:60,(anonymous_6)
FNF:7
FNH:7
FNDA:1,(anonymous_0)
FNDA:6,ProfileFormComponent
FNDA:5,(anonymous_2)
FNDA:24,(anonymous_3)
FNDA:2,(anonymous_4)
FNDA:2,(anonymous_5)
FNDA:1,(anonymous_6)
DA:1,1
DA:2,1
DA:3,1
DA:13,1
DA:14,1
DA:15,6
DA:18,6
DA:23,6
DA:24,6
DA:26,1
DA:27,5
DA:34,5
DA:35,5
DA:36,5
DA:37,5
DA:41,24
DA:44,1
DA:45,2
DA:48,2
DA:49,1
DA:51,1
DA:56,2
DA:57,2
DA:58,1
DA:60,1
DA:61,1
DA:64,1
DA:67,1
LF:28
LH:28
BRDA:48,0,0,1
BRDA:48,0,1,1
BRDA:57,1,0,1
BRDA:57,1,1,1
BRDA:57,2,0,2
BRDA:57,2,1,2
BRF:6
BRH:6
end_of_record
TN:
SF:/Users/pvmagacho/Documents/Topcoder/Copilot/8-JPMC/repository/src/app/pages/profile/default-page/default-page.component.ts
FN:12,(anonymous_0)
FN:20,DefaultPageComponent
FN:25,(anonymous_2)
FN:29,(anonymous_3)
FN:36,(anonymous_4)
FN:39,(anonymous_5)
FN:40,(anonymous_6)
FN:41,(anonymous_7)
FNF:8
FNH:8
FNDA:1,(anonymous_0)
FNDA:3,DefaultPageComponent
FNDA:3,(anonymous_2)
FNDA:1,(anonymous_3)
FNDA:5,(anonymous_4)
FNDA:1,(anonymous_5)
FNDA:1,(anonymous_6)
FNDA:1,(anonymous_7)
DA:1,1
DA:2,1
DA:12,1
DA:14,3
DA:20,3
DA:25,1
DA:26,3
DA:29,1
DA:30,1
DA:36,5
DA:37,5
DA:39,1
DA:40,1
DA:41,1
DA:44,1
LF:15
LH:15
BRF:0
BRH:0
end_of_record
TN:
SF:/Users/pvmagacho/Documents/Topcoder/Copilot/8-JPMC/repository/src/app/pages/survey/components/left-steps/left-steps.component.ts
FN:11,(anonymous_0)
FN:6,LeftStepsComponent
FN:18,(anonymous_2)
FNF:3
FNH:3
FNDA:1,(anonymous_0)
FNDA:2,LeftStepsComponent
FNDA:1,(anonymous_2)
DA:1,1
DA:11,1
DA:12,1
DA:13,2
DA:15,2
DA:18,1
DA:19,1
DA:21,1
LF:8
LH:8
BRF:0
BRH:0
end_of_record
TN:
SF:/Users/pvmagacho/Documents/Topcoder/Copilot/8-JPMC/repository/src/app/pages/survey/components/right-question/right-question.component.ts
FN:11,(anonymous_0)
FN:6,RightQuestionComponent
FNF:2
FNH:2
FNDA:1,(anonymous_0)
FNDA:1,RightQuestionComponent
DA:1,1
DA:11,1
DA:12,1
DA:13,1
DA:14,1
LF:5
LH:5
BRF:0
BRH:0
end_of_record
TN:
SF:/Users/pvmagacho/Documents/Topcoder/Copilot/8-JPMC/repository/src/app/pages/survey/components/thank-you-form/thank-you-form.component.ts
FN:12,(anonymous_0)
FNF:1
FNH:1
FNDA:2,(anonymous_0)
DA:1,1
DA:12,1
DA:13,1
LF:3
LH:3
BRF:0
BRH:0
end_of_record
TN:
SF:/Users/pvmagacho/Documents/Topcoder/Copilot/8-JPMC/repository/src/app/pages/survey/default-page/default-page.component.ts
FN:12,(anonymous_0)
FN:24,DefaultPageComponent
FN:29,(anonymous_2)
FN:33,(anonymous_3)
FN:38,(anonymous_4)
FN:49,(anonymous_5)
FN:52,(anonymous_6)
FN:53,(anonymous_7)
FN:54,(anonymous_8)
FNF:9
FNH:9
FNDA:1,(anonymous_0)
FNDA:5,DefaultPageComponent
FNDA:4,(anonymous_2)
FNDA:1,(anonymous_3)
FNDA:3,(anonymous_4)
FNDA:4,(anonymous_5)
FNDA:1,(anonymous_6)
FNDA:1,(anonymous_7)
FNDA:1,(anonymous_8)
DA:1,1
DA:2,1
DA:12,1
DA:14,5
DA:16,5
DA:18,5
DA:24,5
DA:29,1
DA:30,4
DA:33,1
DA:34,1
DA:38,1
DA:39,3
DA:40,2
DA:42,1
DA:49,4
DA:50,4
DA:52,1
DA:53,1
DA:54,1
DA:57,1
LF:21
LH:21
BRDA:39,0,0,2
BRDA:39,0,1,1
BRF:2
BRH:2
end_of_record
TN:
SF:/Users/pvmagacho/Documents/Topcoder/Copilot/8-JPMC/repository/src/app/shared/scrollTracker.directive.ts
FN:6,(anonymous_0)
FN:3,ScrollTrackerDirective
FN:10,(anonymous_2)
FNF:3
FNH:3
FNDA:1,(anonymous_0)
FNDA:2,ScrollTrackerDirective
FNDA:2,(anonymous_2)
DA:1,1
DA:6,1
DA:7,2
DA:10,2
DA:13,2
DA:14,2
DA:15,2
DA:17,2
DA:18,1
DA:21,2
DA:26,1
LF:11
LH:11
BRDA:17,0,0,1
BRDA:17,0,1,1
BRF:2
BRH:2
end_of_record
TN:
SF:/Users/pvmagacho/Documents/Topcoder/Copilot/8-JPMC/repository/src/app/shared/components/add-api-make-public/add-api-make-public.component.ts
FN:11,(anonymous_0)
FN:6,AddApiMakePublicComponent
FN:18,(anonymous_2)
FN:23,(anonymous_3)
FNF:4
FNH:4
FNDA:1,(anonymous_0)
FNDA:3,AddApiMakePublicComponent
FNDA:1,(anonymous_2)
FNDA:1,(anonymous_3)
DA:1,1
DA:11,1
DA:12,3
DA:13,3
DA:15,3
DA:18,1
DA:19,1
DA:23,1
DA:24,1
DA:26,1
LF:10
LH:10
BRF:0
BRH:0
end_of_record
TN:
SF:/Users/pvmagacho/Documents/Topcoder/Copilot/8-JPMC/repository/src/app/shared/components/add-manage-api-add-base-url/add-manage-api-add-base-url.component.ts
FN:13,(anonymous_0)
FN:40,AddManageApiAddBaseUrlComponent
FN:43,(anonymous_2)
FN:56,(anonymous_3)
FN:59,(anonymous_4)
FN:73,(anonymous_5)
FN:78,(anonymous_6)
FN:83,(anonymous_7)
FN:92,(anonymous_8)
FN:98,(anonymous_9)
FN:111,(anonymous_10)
FN:116,(anonymous_11)
FNF:12
FNH:12
FNDA:1,(anonymous_0)
FNDA:13,AddManageApiAddBaseUrlComponent
FNDA:8,(anonymous_2)
FNDA:35,(anonymous_3)
FNDA:2,(anonymous_4)
FNDA:1,(anonymous_5)
FNDA:1,(anonymous_6)
FNDA:1,(anonymous_7)
FNDA:1,(anonymous_8)
FNDA:2,(anonymous_9)
FNDA:2,(anonymous_10)
FNDA:1,(anonymous_11)
DA:1,1
DA:2,1
DA:3,1
DA:13,1
DA:14,1
DA:15,13
DA:22,13
DA:24,13
DA:25,13
DA:26,13
DA:29,13
DA:30,13
DA:32,13
DA:40,13
DA:41,13
DA:43,1
DA:44,8
DA:46,8
DA:51,8
DA:52,8
DA:56,35
DA:59,1
DA:60,2
DA:63,2
DA:66,1
DA:68,1
DA:73,1
DA:74,1
DA:78,1
DA:79,1
DA:83,1
DA:84,1
DA:85,1
DA:92,1
DA:93,1
DA:94,1
DA:98,1
DA:99,2
DA:101,1
DA:102,1
DA:104,1
DA:107,2
DA:111,1
DA:112,2
DA:116,1
DA:117,1
DA:119,1
LF:47
LH:47
BRDA:63,0,0,1
BRDA:63,0,1,1
BRDA:63,1,0,2
BRDA:63,1,1,2
BRDA:63,1,2,1
BRDA:100,2,0,1
BRDA:100,2,1,1
BRF:7
BRH:7
end_of_record
TN:
SF:/Users/pvmagacho/Documents/Topcoder/Copilot/8-JPMC/repository/src/app/shared/components/add-manage-api-add-endpoints/add-manage-api-add-endpoints.component.ts
FN:11,(anonymous_0)
FN:6,AddManageApiAddEndpointsComponent
FN:28,(anonymous_2)
FN:33,(anonymous_3)
FN:38,(anonymous_4)
FN:46,(anonymous_5)
FN:57,(anonymous_6)
FN:63,(anonymous_7)
FN:69,(anonymous_8)
FN:85,(anonymous_9)
FN:98,(anonymous_10)
FN:103,(anonymous_11)
FNF:12
FNH:12
FNDA:1,(anonymous_0)
FNDA:15,AddManageApiAddEndpointsComponent
FNDA:1,(anonymous_2)
FNDA:1,(anonymous_3)
FNDA:1,(anonymous_4)
FNDA:1,(anonymous_5)
FNDA:1,(anonymous_6)
FNDA:1,(anonymous_7)
FNDA:2,(anonymous_8)
FNDA:2,(anonymous_9)
FNDA:2,(anonymous_10)
FNDA:2,(anonymous_11)
DA:1,1
DA:11,1
DA:12,1
DA:13,15
DA:17,15
DA:19,15
DA:20,15
DA:22,15
DA:28,1
DA:29,1
DA:33,1
DA:34,1
DA:38,1
DA:39,1
DA:40,1
DA:46,1
DA:47,1
DA:48,1
DA:57,1
DA:58,1
DA:59,1
DA:63,1
DA:64,1
DA:65,1
DA:69,1
DA:70,2
DA:72,1
DA:73,1
DA:76,1
DA:78,1
DA:81,2
DA:85,1
DA:86,2
DA:88,1
DA:89,1
DA:91,1
DA:94,2
DA:98,1
DA:99,2
DA:103,1
DA:104,2
DA:106,1
LF:42
LH:42
BRDA:71,0,0,1
BRDA:71,0,1,1
BRDA:87,1,0,1
BRDA:87,1,1,1
BRF:4
BRH:4
end_of_record
TN:
SF:/Users/pvmagacho/Documents/Topcoder/Copilot/8-JPMC/repository/src/app/shared/components/add-manage-api-add-image/add-manage-api-add-image.component.ts
FN:13,(anonymous_0)
FN:46,AddManageApiAddImageComponent
FN:49,(anonymous_2)
FN:68,(anonymous_3)
FN:71,(anonymous_4)
FN:85,(anonymous_5)
FN:90,(anonymous_6)
FN:97,(anonymous_7)
FN:101,(anonymous_8)
FNF:9
FNH:9
FNDA:1,(anonymous_0)
FNDA:8,AddManageApiAddImageComponent
FNDA:6,(anonymous_2)
FNDA:40,(anonymous_3)
FNDA:3,(anonymous_4)
FNDA:1,(anonymous_5)
FNDA:1,(anonymous_6)
FNDA:2,(anonymous_7)
FNDA:1,(anonymous_8)
DA:1,1
DA:2,1
DA:3,1
DA:13,1
DA:14,1
DA:15,8
DA:20,8
DA:29,8
DA:31,8
DA:32,8
DA:33,8
DA:36,8
DA:38,8
DA:41,8
DA:46,8
DA:47,8
DA:49,1
DA:50,6
DA:52,6
DA:60,6
DA:61,6
DA:62,6
DA:63,6
DA:64,6
DA:68,40
DA:71,1
DA:72,3
DA:75,3
DA:78,1
DA:80,2
DA:85,1
DA:86,1
DA:90,1
DA:91,1
DA:93,1
DA:97,2
DA:98,2
DA:99,1
DA:101,1
DA:102,1
DA:105,1
DA:108,1
LF:42
LH:42
BRDA:75,0,0,1
BRDA:75,0,1,2
BRDA:75,1,0,3
BRDA:75,1,1,2
BRDA:75,1,2,2
BRDA:75,1,3,2
BRDA:98,2,0,1
BRDA:98,2,1,1
BRDA:98,3,0,2
BRDA:98,3,1,2
BRF:10
BRH:10
end_of_record
TN:
SF:/Users/pvmagacho/Documents/Topcoder/Copilot/8-JPMC/repository/src/app/shared/components/api-box/api-box.component.ts
FN:11,(anonymous_0)
FN:6,APIBoxComponent
FNF:2
FNH:2
FNDA:1,(anonymous_0)
FNDA:1,APIBoxComponent
DA:1,1
DA:11,1
DA:12,1
DA:13,1
DA:14,1
DA:15,1
DA:16,1
LF:7
LH:7
BRF:0
BRH:0
end_of_record
TN:
SF:/Users/pvmagacho/Documents/Topcoder/Copilot/8-JPMC/repository/src/app/shared/components/detail-tab-api-specification/detail-tab-api-specification.component.ts
FN:11,(anonymous_0)
FN:6,DetailTabAPISpecificationComponent
FNF:2
FNH:2
FNDA:1,(anonymous_0)
FNDA:3,DetailTabAPISpecificationComponent
DA:1,1
DA:11,1
DA:12,3
DA:13,1
DA:14,3
DA:15,1
LF:6
LH:6
BRF:0
BRH:0
end_of_record
TN:
SF:/Users/pvmagacho/Documents/Topcoder/Copilot/8-JPMC/repository/src/app/shared/components/detail-tab-description/detail-tab-description.component.ts
FN:11,(anonymous_0)
FNF:1
FNH:1
FNDA:2,(anonymous_0)
DA:1,1
DA:11,1
DA:12,1
DA:13,1
LF:4
LH:4
BRF:0
BRH:0
end_of_record
TN:
SF:/Users/pvmagacho/Documents/Topcoder/Copilot/8-JPMC/repository/src/app/shared/components/detail-tab-key-features/detail-tab-key-features.component.ts
FN:11,(anonymous_0)
FNF:1
FNH:1
FNDA:2,(anonymous_0)
DA:1,1
DA:11,1
DA:12,1
DA:13,1
LF:4
LH:4
BRF:0
BRH:0
end_of_record
TN:
SF:/Users/pvmagacho/Documents/Topcoder/Copilot/8-JPMC/repository/src/app/shared/components/detail-tab-pricing/detail-tab-pricing.component.ts
FN:11,(anonymous_0)
FN:6,DetailTabPricingComponent
FNF:2
FNH:2
FNDA:1,(anonymous_0)
FNDA:3,DetailTabPricingComponent
DA:1,1
DA:11,1
DA:12,1
DA:13,3
DA:14,1
LF:5
LH:5
BRF:0
BRH:0
end_of_record
TN:
SF:/Users/pvmagacho/Documents/Topcoder/Copilot/8-JPMC/repository/src/app/shared/components/double-bar-chart/double-bar-chart.component.ts
FN:16,(anonymous_0)
FN:26,DoubleBarChartComponent
FN:31,(anonymous_2)
FN:38,(anonymous_3)
FN:45,(anonymous_4)
FN:52,(anonymous_5)
FN:59,(anonymous_6)
FN:65,(anonymous_7)
FN:100,(anonymous_8)
FN:106,(anonymous_9)
FN:118,(anonymous_10)
FN:119,(anonymous_11)
FN:122,(anonymous_12)
FN:131,(anonymous_13)
FN:132,(anonymous_14)
FN:135,(anonymous_15)
FN:142,(anonymous_16)
FN:145,createDate
FN:151,make_y_gridlines
FNF:19
FNH:19
FNDA:1,(anonymous_0)
FNDA:5,DoubleBarChartComponent
FNDA:5,(anonymous_2)
FNDA:1,(anonymous_3)
FNDA:1,(anonymous_4)
FNDA:1,(anonymous_5)
FNDA:5,(anonymous_6)
FNDA:30,(anonymous_7)
FNDA:30,(anonymous_8)
FNDA:30,(anonymous_9)
FNDA:6,(anonymous_10)
FNDA:6,(anonymous_11)
FNDA:6,(anonymous_12)
FNDA:6,(anonymous_13)
FNDA:6,(anonymous_14)
FNDA:6,(anonymous_15)
FNDA:30,(anonymous_16)
FNDA:30,createDate
FNDA:5,make_y_gridlines
DA:1,1
DA:2,1
DA:4,1
DA:16,1
DA:17,1
DA:18,1
DA:19,5
DA:20,5
DA:26,5
DA:31,1
DA:32,5
DA:38,1
DA:39,1
DA:45,1
DA:46,1
DA:52,1
DA:53,1
DA:59,1
DA:60,5
DA:61,5
DA:62,5
DA:64,5
DA:65,5
DA:66,30
DA:73,5
DA:78,5
DA:80,5
DA:82,5
DA:86,5
DA:87,5
DA:88,5
DA:89,5
DA:91,5
DA:92,5
DA:95,5
DA:100,30
DA:103,5
DA:106,30
DA:107,5
DA:109,5
DA:113,5
DA:114,1
DA:118,6
DA:119,6
DA:122,6
DA:126,5
DA:127,1
DA:131,6
DA:132,6
DA:135,6
DA:139,5
DA:142,30
DA:146,30
DA:147,30
DA:152,5
DA:156,1
LF:56
LH:56
BRDA:62,0,0,1
BRDA:62,0,1,4
BRDA:62,1,0,5
BRDA:62,1,1,1
BRDA:113,2,0,1
BRDA:113,2,1,4
BRDA:126,3,0,1
BRDA:126,3,1,4
BRF:8
BRH:8
end_of_record
TN:
SF:/Users/pvmagacho/Documents/Topcoder/Copilot/8-JPMC/repository/src/app/shared/components/footer-login/footer-login.component.ts
FN:11,(anonymous_0)
FNF:1
FNH:1
FNDA:2,(anonymous_0)
DA:1,1
DA:11,1
DA:12,1
LF:3
LH:3
BRF:0
BRH:0
end_of_record
TN:
SF:/Users/pvmagacho/Documents/Topcoder/Copilot/8-JPMC/repository/src/app/shared/components/footer-non-login/footer-non-login.component.ts
FN:11,(anonymous_0)
FN:6,FooterNonLoginComponent
FNF:2
FNH:2
FNDA:1,(anonymous_0)
FNDA:1,FooterNonLoginComponent
DA:1,1
DA:11,1
DA:12,1
DA:14,1
DA:15,1
DA:26,1
LF:6
LH:6
BRF:0
BRH:0
end_of_record
TN:
SF:/Users/pvmagacho/Documents/Topcoder/Copilot/8-JPMC/repository/src/app/shared/components/header-login/header-login.component.ts
FN:15,(anonymous_0)
FN:25,HeaderLoginComponent
FN:34,(anonymous_2)
FN:41,(anonymous_3)
FN:46,(anonymous_4)
FN:47,(anonymous_5)
FN:55,(anonymous_6)
FN:58,(anonymous_7)
FN:59,(anonymous_8)
FN:60,(anonymous_9)
FNF:10
FNH:10
FNDA:1,(anonymous_0)
FNDA:5,HeaderLoginComponent
FNDA:5,(anonymous_2)
FNDA:2,(anonymous_3)
FNDA:1,(anonymous_4)
FNDA:1,(anonymous_5)
FNDA:8,(anonymous_6)
FNDA:2,(anonymous_7)
FNDA:1,(anonymous_8)
FNDA:2,(anonymous_9)
DA:1,1
DA:2,1
DA:3,1
DA:5,1
DA:15,1
DA:17,5
DA:19,5
DA:20,5
DA:26,5
DA:27,5
DA:28,5
DA:34,1
DA:35,5
DA:36,5
DA:38,5
DA:41,1
DA:42,2
DA:46,1
DA:47,1
DA:48,1
DA:55,8
DA:56,8
DA:58,2
DA:59,1
DA:60,2
DA:63,1
LF:26
LH:26
BRF:0
BRH:0
end_of_record
TN:
SF:/Users/pvmagacho/Documents/Topcoder/Copilot/8-JPMC/repository/src/app/shared/components/header-non-login/header-non-login.component.ts
FN:11,(anonymous_0)
FNF:1
FNH:1
FNDA:2,(anonymous_0)
DA:1,1
DA:11,1
DA:12,1
LF:3
LH:3
BRF:0
BRH:0
end_of_record
TN:
SF:/Users/pvmagacho/Documents/Topcoder/Copilot/8-JPMC/repository/src/app/shared/components/left-sidebar/left-sidebar.component.ts
FN:13,(anonymous_0)
FN:25,LeftSidebarComponent
FN:32,(anonymous_2)
FN:33,(anonymous_3)
FN:48,(anonymous_4)
FN:49,(anonymous_5)
FN:55,(anonymous_6)
FN:56,(anonymous_7)
FN:62,(anonymous_8)
FN:63,(anonymous_9)
FNF:10
FNH:10
FNDA:1,(anonymous_0)
FNDA:8,LeftSidebarComponent
FNDA:4,(anonymous_2)
FNDA:2,(anonymous_3)
FNDA:1,(anonymous_4)
FNDA:1,(anonymous_5)
FNDA:1,(anonymous_6)
FNDA:1,(anonymous_7)
FNDA:1,(anonymous_8)
FNDA:1,(anonymous_9)
DA:1,1
DA:2,1
DA:3,1
DA:13,1
DA:14,8
DA:16,8
DA:17,8
DA:19,8
DA:25,8
DA:26,8
DA:27,8
DA:32,4
DA:33,4
DA:34,2
DA:35,1
DA:38,4
DA:39,4
DA:40,4
DA:42,4
DA:43,1
DA:48,1
DA:49,1
DA:50,1
DA:55,1
DA:56,1
DA:57,1
DA:62,1
DA:63,1
DA:64,1
DA:67,1
LF:30
LH:30
BRDA:34,0,0,1
BRDA:34,0,1,1
BRDA:42,1,0,1
BRDA:42,1,1,3
BRDA:42,2,0,4
BRDA:42,2,1,1
BRF:6
BRH:6
end_of_record
TN:
SF:/Users/pvmagacho/Documents/Topcoder/Copilot/8-JPMC/repository/src/app/shared/components/line-chart-double/line-chart-double.component.ts
FN:15,(anonymous_0)
FN:26,LineChartDoubleComponent
FN:31,(anonymous_2)
FN:38,(anonymous_3)
FN:45,(anonymous_4)
FN:52,(anonymous_5)
FN:57,(anonymous_6)
FN:85,(anonymous_7)
FN:86,(anonymous_8)
FN:88,(anonymous_9)
FN:89,(anonymous_10)
FN:101,(anonymous_11)
FN:114,(anonymous_12)
FN:117,(anonymous_13)
FN:158,createDate
FN:164,make_y_gridlines
FNF:16
FNH:16
FNDA:1,(anonymous_0)
FNDA:6,LineChartDoubleComponent
FNDA:6,(anonymous_2)
FNDA:1,(anonymous_3)
FNDA:1,(anonymous_4)
FNDA:6,(anonymous_5)
FNDA:27,(anonymous_6)
FNDA:6,(anonymous_7)
FNDA:6,(anonymous_8)
FNDA:6,(anonymous_9)
FNDA:6,(anonymous_10)
FNDA:36,(anonymous_11)
FNDA:27,(anonymous_12)
FNDA:9,(anonymous_13)
FNDA:27,createDate
FNDA:6,make_y_gridlines
DA:1,1
DA:4,1
DA:15,1
DA:16,1
DA:17,1
DA:18,6
DA:19,6
DA:20,6
DA:26,6
DA:31,1
DA:32,6
DA:38,1
DA:39,1
DA:45,1
DA:46,1
DA:52,1
DA:53,6
DA:54,6
DA:56,6
DA:57,6
DA:58,27
DA:65,6
DA:71,6
DA:73,6
DA:75,6
DA:76,6
DA:77,6
DA:80,6
DA:81,6
DA:84,6
DA:85,6
DA:86,6
DA:87,6
DA:88,6
DA:89,6
DA:91,6
DA:96,6
DA:101,36
DA:107,6
DA:114,27
DA:116,6
DA:117,9
DA:119,3
DA:123,6
DA:124,1
DA:131,6
DA:132,1
DA:140,6
DA:145,6
DA:146,3
DA:151,3
DA:159,27
DA:160,27
DA:165,6
DA:169,1
LF:55
LH:55
BRDA:116,0,0,3
BRDA:116,0,1,3
BRDA:123,1,0,1
BRDA:123,1,1,5
BRDA:131,2,0,1
BRDA:131,2,1,5
BRDA:145,3,0,3
BRDA:145,3,1,3
BRF:8
BRH:8
end_of_record
TN:
SF:/Users/pvmagacho/Documents/Topcoder/Copilot/8-JPMC/repository/src/app/shared/components/line-chart-double-bigger/line-chart-double-bigger.component.ts
FN:15,(anonymous_0)
FN:26,LineChartDoubleBiggerComponent
FN:31,(anonymous_2)
FN:38,(anonymous_3)
FN:45,(anonymous_4)
FN:52,(anonymous_5)
FN:57,(anonymous_6)
FN:85,(anonymous_7)
FN:86,(anonymous_8)
FN:88,(anonymous_9)
FN:89,(anonymous_10)
FN:101,(anonymous_11)
FN:114,(anonymous_12)
FN:117,(anonymous_13)
FN:158,createDate
FN:164,make_y_gridlines
FNF:16
FNH:16
FNDA:1,(anonymous_0)
FNDA:6,LineChartDoubleBiggerComponent
FNDA:6,(anonymous_2)
FNDA:1,(anonymous_3)
FNDA:1,(anonymous_4)
FNDA:6,(anonymous_5)
FNDA:27,(anonymous_6)
FNDA:6,(anonymous_7)
FNDA:6,(anonymous_8)
FNDA:6,(anonymous_9)
FNDA:6,(anonymous_10)
FNDA:36,(anonymous_11)
FNDA:27,(anonymous_12)
FNDA:9,(anonymous_13)
FNDA:27,createDate
FNDA:6,make_y_gridlines
DA:1,1
DA:4,1
DA:15,1
DA:16,1
DA:17,1
DA:18,6
DA:19,6
DA:20,6
DA:26,6
DA:31,1
DA:32,6
DA:38,1
DA:39,1
DA:45,1
DA:46,1
DA:52,1
DA:53,6
DA:54,6
DA:56,6
DA:57,6
DA:58,27
DA:65,6
DA:71,6
DA:73,6
DA:75,6
DA:76,6
DA:77,6
DA:80,6
DA:81,6
DA:84,6
DA:85,6
DA:86,6
DA:87,6
DA:88,6
DA:89,6
DA:91,6
DA:96,6
DA:101,36
DA:107,6
DA:114,27
DA:116,6
DA:117,9
DA:119,3
DA:123,6
DA:124,1
DA:131,6
DA:132,1
DA:140,6
DA:145,6
DA:146,3
DA:151,3
DA:159,27
DA:160,27
DA:165,6
DA:169,1
LF:55
LH:55
BRDA:116,0,0,3
BRDA:116,0,1,3
BRDA:123,1,0,1
BRDA:123,1,1,5
BRDA:131,2,0,1
BRDA:131,2,1,5
BRDA:145,3,0,3
BRDA:145,3,1,3
BRF:8
BRH:8
end_of_record
TN:
SF:/Users/pvmagacho/Documents/Topcoder/Copilot/8-JPMC/repository/src/app/shared/components/list-more-api/list-more-api.component.ts
FN:11,(anonymous_0)
FN:6,ListMoreAPIComponent
FN:82,(anonymous_2)
FN:89,(anonymous_3)
FN:94,(anonymous_4)
FN:97,(anonymous_5)
FN:107,(anonymous_6)
FN:108,(anonymous_7)
FN:125,(anonymous_8)
FN:151,(anonymous_9)
FN:153,(anonymous_10)
FN:159,(anonymous_11)
FN:161,(anonymous_12)
FN:170,(anonymous_13)
FN:172,(anonymous_14)
FN:186,(anonymous_15)
FN:188,(anonymous_16)
FN:197,(anonymous_17)
FN:199,(anonymous_18)
FN:213,(anonymous_19)
FN:215,(anonymous_20)
FNF:21
FNH:21
FNDA:1,(anonymous_0)
FNDA:8,ListMoreAPIComponent
FNDA:1,(anonymous_2)
FNDA:1,(anonymous_3)
FNDA:7,(anonymous_4)
FNDA:14,(anonymous_5)
FNDA:9,(anonymous_6)
FNDA:63,(anonymous_7)
FNDA:12,(anonymous_8)
FNDA:21,(anonymous_9)
FNDA:1,(anonymous_10)
FNDA:2,(anonymous_11)
FNDA:7,(anonymous_12)
FNDA:2,(anonymous_13)
FNDA:14,(anonymous_14)
FNDA:2,(anonymous_15)
FNDA:2,(anonymous_16)
FNDA:2,(anonymous_17)
FNDA:4,(anonymous_18)
FNDA:2,(anonymous_19)
FNDA:3,(anonymous_20)
DA:1,1
DA:11,1
DA:12,1
DA:13,8
DA:14,8
DA:15,8
DA:17,8
DA:20,8
DA:82,1
DA:83,1
DA:89,1
DA:90,1
DA:94,7
DA:95,7
DA:97,7
DA:98,14
DA:99,14
DA:100,14
DA:103,14
DA:104,8
DA:106,6
DA:107,6
DA:108,9
DA:109,63
DA:110,1
DA:115,6
DA:116,1
DA:121,14
DA:122,8
DA:124,6
DA:125,6
DA:126,12
DA:127,1
DA:131,6
DA:132,1
DA:137,14
DA:138,12
DA:140,2
DA:141,1
DA:145,14
DA:146,6
DA:151,7
DA:152,21
DA:153,3
DA:159,1
DA:160,2
DA:161,1
DA:162,7
DA:166,2
DA:170,1
DA:171,2
DA:172,2
DA:173,14
DA:174,7
DA:178,2
DA:179,1
DA:182,2
DA:186,1
DA:187,2
DA:188,1
DA:189,2
DA:193,2
DA:197,1
DA:198,2
DA:199,2
DA:200,4
DA:201,2
DA:205,2
DA:206,1
DA:209,2
DA:213,1
DA:214,2
DA:215,1
DA:216,3
DA:217,2
DA:222,2
DA:224,1
LF:77
LH:77
BRDA:103,0,0,8
BRDA:103,0,1,6
BRDA:109,1,0,1
BRDA:109,1,1,62
BRDA:109,2,0,63
BRDA:109,2,1,3
BRDA:115,3,0,1
BRDA:115,3,1,5
BRDA:121,4,0,8
BRDA:121,4,1,6
BRDA:126,5,0,1
BRDA:126,5,1,11
BRDA:126,6,0,12
BRDA:126,6,1,2
BRDA:131,7,0,1
BRDA:131,7,1,5
BRDA:137,8,0,12
BRDA:137,8,1,2
BRDA:140,9,0,1
BRDA:140,9,1,1
BRDA:145,10,0,6
BRDA:145,10,1,8
BRDA:145,11,0,14
BRDA:145,11,1,9
BRDA:145,11,2,7
BRDA:152,12,0,3
BRDA:152,12,1,18
BRDA:160,13,0,1
BRDA:160,13,1,1
BRDA:173,14,0,7
BRDA:173,14,1,7
BRDA:178,15,0,1
BRDA:178,15,1,1
BRDA:187,16,0,1
BRDA:187,16,1,1
BRDA:200,17,0,2
BRDA:200,17,1,2
BRDA:205,18,0,1
BRDA:205,18,1,1
BRDA:214,19,0,1
BRDA:214,19,1,1
BRDA:216,20,0,2
BRDA:216,20,1,1
BRF:43
BRH:43
end_of_record
TN:
SF:/Users/pvmagacho/Documents/Topcoder/Copilot/8-JPMC/repository/src/app/shared/components/manage-api-docs/manage-api-docs.component.ts
FN:11,(anonymous_0)
FN:6,ManageApiDocsComponent
FN:21,(anonymous_2)
FN:27,(anonymous_3)
FNF:4
FNH:4
FNDA:1,(anonymous_0)
FNDA:6,ManageApiDocsComponent
FNDA:1,(anonymous_2)
FNDA:4,(anonymous_3)
DA:1,1
DA:11,1
DA:12,1
DA:14,6
DA:16,6
DA:18,6
DA:21,1
DA:22,1
DA:23,1
DA:27,1
DA:28,4
DA:30,4
DA:32,1
DA:35,1
LF:14
LH:14
BRDA:30,0,0,1
BRDA:30,0,1,2
BRDA:30,1,0,4
BRDA:30,1,1,2
BRF:4
BRH:4
end_of_record
TN:
SF:/Users/pvmagacho/Documents/Topcoder/Copilot/8-JPMC/repository/src/app/shared/components/manage-api-plans-pricing/manage-api-plans-pricing.component.ts
FN:11,(anonymous_0)
FN:6,ManageApiPlansPricingComponent
FN:21,(anonymous_2)
FN:32,(anonymous_3)
FN:38,(anonymous_4)
FNF:5
FNH:5
FNDA:1,(anonymous_0)
FNDA:7,ManageApiPlansPricingComponent
FNDA:1,(anonymous_2)
FNDA:1,(anonymous_3)
FNDA:4,(anonymous_4)
DA:1,1
DA:11,1
DA:12,1
DA:13,1
DA:15,7
DA:21,1
DA:22,1
DA:23,1
DA:32,1
DA:33,1
DA:34,1
DA:38,1
DA:39,4
DA:41,2
DA:42,1
DA:44,1
DA:47,3
DA:49,1
LF:18
LH:18
BRDA:40,0,0,2
BRDA:40,0,1,1
BRF:2
BRH:2
end_of_record
TN:
SF:/Users/pvmagacho/Documents/Topcoder/Copilot/8-JPMC/repository/src/app/shared/components/modal-windows/modal-windows.component.ts
FN:12,(anonymous_0)
FN:30,ModalWindowsComponent
FN:32,(anonymous_2)
FN:83,(anonymous_3)
FN:86,(anonymous_4)
FN:91,(anonymous_5)
FN:99,(anonymous_6)
FN:108,(anonymous_7)
FN:118,(anonymous_8)
FN:134,(anonymous_9)
FN:147,(anonymous_10)
FN:162,(anonymous_11)
FNF:12
FNH:12
FNDA:1,(anonymous_0)
FNDA:23,ModalWindowsComponent
FNDA:20,(anonymous_2)
FNDA:138,(anonymous_3)
FNDA:1,(anonymous_4)
FNDA:5,(anonymous_5)
FNDA:5,(anonymous_6)
FNDA:12,(anonymous_7)
FNDA:2,(anonymous_8)
FNDA:2,(anonymous_9)
FNDA:2,(anonymous_10)
FNDA:2,(anonymous_11)
DA:1,1
DA:2,1
DA:12,1
DA:13,1
DA:14,23
DA:20,23
DA:22,23
DA:23,23
DA:24,23
DA:25,23
DA:30,23
DA:32,1
DA:33,20
DA:34,20
DA:37,6
DA:43,6
DA:44,6
DA:45,3
DA:47,3
DA:49,6
DA:50,6
DA:51,6
DA:54,4
DA:57,4
DA:58,4
DA:61,5
DA:66,5
DA:67,5
DA:68,5
DA:69,5
DA:72,4
DA:76,4
DA:77,4
DA:78,4
DA:83,138
DA:86,1
DA:87,1
DA:91,1
DA:92,5
DA:93,1
DA:95,5
DA:99,1
DA:100,5
DA:101,1
DA:103,5
DA:104,2
DA:108,1
DA:109,12
DA:110,12
DA:112,6
DA:114,6
DA:118,1
DA:119,2
DA:122,2
DA:123,1
DA:125,1
DA:126,1
DA:127,1
DA:128,1
DA:129,1
DA:134,1
DA:135,2
DA:138,2
DA:139,1
DA:141,1
DA:142,1
DA:147,1
DA:148,2
DA:151,2
DA:152,1
DA:154,1
DA:155,1
DA:156,1
DA:157,1
DA:162,1
DA:163,2
DA:166,2
DA:167,1
DA:169,1
DA:170,1
DA:171,1
DA:174,1
LF:82
LH:82
BRDA:35,0,0,3
BRDA:35,0,1,6
BRDA:35,0,2,1
BRDA:35,0,3,4
BRDA:35,0,4,1
BRDA:35,0,5,5
BRDA:35,0,6,1
BRDA:35,0,7,4
BRDA:44,1,0,3
BRDA:44,1,1,3
BRDA:92,2,0,1
BRDA:92,2,1,4
BRDA:100,3,0,1
BRDA:100,3,1,4
BRDA:103,4,0,2
BRDA:103,4,1,3
BRDA:109,5,0,8
BRDA:109,5,1,4
BRDA:110,6,0,6
BRDA:110,6,1,6
BRDA:110,7,0,12
BRDA:110,7,1,12
BRDA:110,7,2,12
BRDA:110,7,3,11
BRDA:122,8,0,1
BRDA:122,8,1,1
BRDA:138,9,0,1
BRDA:138,9,1,1
BRDA:151,10,0,1
BRDA:151,10,1,1
BRDA:166,11,0,1
BRDA:166,11,1,1
BRF:32
BRH:32
end_of_record
TN:
SF:/Users/pvmagacho/Documents/Topcoder/Copilot/8-JPMC/repository/src/app/shared/services/data-list.service.ts
FN:12,(anonymous_0)
FN:30,DataListService
FN:35,(anonymous_2)
FN:42,(anonymous_3)
FN:44,(anonymous_4)
FN:54,(anonymous_5)
FN:56,(anonymous_6)
FN:65,(anonymous_7)
FNF:8
FNH:8
FNDA:1,(anonymous_0)
FNDA:104,DataListService
FNDA:27,(anonymous_2)
FNDA:1,(anonymous_3)
FNDA:1,(anonymous_4)
FNDA:1,(anonymous_5)
FNDA:1,(anonymous_6)
FNDA:1,(anonymous_7)
DA:1,1
DA:2,1
DA:3,1
DA:5,1
DA:6,1
DA:12,1
DA:13,104
DA:21,104
DA:23,104
DA:25,104
DA:30,104
DA:35,1
DA:36,27
DA:42,1
DA:43,1
DA:44,1
DA:45,1
DA:46,1
DA:54,1
DA:55,1
DA:57,1
DA:65,1
DA:66,1
DA:67,1
DA:70,1
LF:25
LH:25
BRF:0
BRH:0
end_of_record
TN:
SF:/Users/pvmagacho/Documents/Topcoder/Copilot/8-JPMC/repository/src/app/shared/services/validation.service.ts
FN:7,(anonymous_0)
FN:9,(anonymous_2)
FNF:2
FNH:2
FNDA:25,(anonymous_0)
FNDA:52,(anonymous_2)
DA:1,1
DA:7,1
DA:9,1
DA:10,52
DA:21,52
DA:23,52
DA:24,28
DA:26,24
DA:29,1
LF:9
LH:9
BRDA:23,0,0,28
BRDA:23,0,1,24
BRF:2
BRH:2
end_of_record
TN:
SF:/Users/pvmagacho/Documents/Topcoder/Copilot/8-JPMC/repository/src/environments/environment.prod.ts
FNF:0
FNH:0
DA:1,1
LF:1
LH:1
BRF:0
BRH:0
end_of_record
TN:
SF:/Users/pvmagacho/Documents/Topcoder/Copilot/8-JPMC/repository/src/environments/environment.ts
FNF:0
FNH:0
DA:5,1
LF:1
LH:1
BRF:0
BRH:0
end_of_record
